0 info it worked if it ends with ok
1 verbose cli [ '/usr/local/bin/node', '/usr/local/bin/npm', 'run', 'tfw' ]
2 info using npm@3.5.2
3 info using node@v5.2.0
4 verbose run-script [ 'pretfw', 'tfw', 'posttfw' ]
5 info lifecycle grenier@1.0.515~pretfw: grenier@1.0.515
6 silly lifecycle grenier@1.0.515~pretfw: no script for pretfw, continuing
7 info lifecycle grenier@1.0.515~tfw: grenier@1.0.515
8 verbose lifecycle grenier@1.0.515~tfw: unsafe-perm in lifecycle true
9 verbose lifecycle grenier@1.0.515~tfw: PATH: /usr/local/lib/node_modules/npm/bin/node-gyp-bin:/home/tolokoban/Code/github/grenier/node_modules/.bin:/usr/local/sbin:/usr/local/bin:/usr/sbin:/usr/bin:/sbin:/bin:/usr/games:/usr/local/games
10 verbose lifecycle grenier@1.0.515~tfw: CWD: /home/tolokoban/Code/github/grenier
11 silly lifecycle grenier@1.0.515~tfw: Args: [ '-c',
11 silly lifecycle   'node node_modules/toloframework/bin/tfw.js build dev watch' ]
12 silly lifecycle grenier@1.0.515~tfw: Returned: code: 1  signal: null
13 info lifecycle grenier@1.0.515~tfw: Failed to exec tfw script
14 verbose stack Error: grenier@1.0.515 tfw: `node node_modules/toloframework/bin/tfw.js build dev watch`
14 verbose stack Exit status 1
14 verbose stack     at EventEmitter.<anonymous> (/usr/local/lib/node_modules/npm/lib/utils/lifecycle.js:232:16)
14 verbose stack     at emitTwo (events.js:88:13)
14 verbose stack     at EventEmitter.emit (events.js:173:7)
14 verbose stack     at ChildProcess.<anonymous> (/usr/local/lib/node_modules/npm/lib/utils/spawn.js:24:14)
14 verbose stack     at emitTwo (events.js:88:13)
14 verbose stack     at ChildProcess.emit (events.js:173:7)
14 verbose stack     at maybeClose (internal/child_process.js:819:16)
14 verbose stack     at Process.ChildProcess._handle.onexit (internal/child_process.js:212:5)
15 verbose pkgid grenier@1.0.515
16 verbose cwd /home/tolokoban/Code/github/grenier
17 error Linux 3.13.0-24-generic
18 error argv "/usr/local/bin/node" "/usr/local/bin/npm" "run" "tfw"
19 error node v5.2.0
20 error npm  v3.5.2
21 error code ELIFECYCLE
22 error grenier@1.0.515 tfw: `node node_modules/toloframework/bin/tfw.js build dev watch`
22 error Exit status 1
23 error Failed at the grenier@1.0.515 tfw script 'node node_modules/toloframework/bin/tfw.js build dev watch'.
23 error Make sure you have the latest version of node.js and npm installed.
23 error If you do, this is most likely a problem with the grenier package,
23 error not with npm itself.
23 error Tell the author that this fails on your system:
23 error     node node_modules/toloframework/bin/tfw.js build dev watch
23 error You can get information on how to open an issue for this project with:
23 error     npm bugs grenier
23 error Or if that isn't available, you can get their info via:
23 error     npm owner ls grenier
23 error There is likely additional logging output above.
24 verbose exit [ 1, true ]
